# JRE version: Java(TM) SE Runtime Environment (17.0.10+11) (build 17.0.10+11-LTS-240)
# Java VM: Java HotSpot(TM) 64-Bit Server VM (17.0.10+11-LTS-240, mixed mode, sharing, tiered, compressed oops, compressed class ptrs, g1 gc, windows-amd64)
GC Precious Log:
 CPUs: 4 total, 4 available
 Memory: 1892M
 Large Page Support: Disabled
 NUMA Support: Disabled
 Compressed Oops: Enabled (32-bit)
 Heap Region Size: 1M
 Heap Min Capacity: 8M
 Heap Initial Capacity: 30M
 Heap Max Capacity: 474M
 Pre-touch: Disabled
 Parallel Workers: 4
 Concurrent Workers: 1
 Concurrent Refinement Workers: 4
 Periodic GC: Disabled
Heap:
 garbage-first heap   total 32768K, used 22326K [0x00000000e2600000, 0x0000000100000000)
  region size 1024K, 8 young (8192K), 2 survivors (2048K)
 Metaspace       used 28273K, committed 28608K, reserved 1114112K
  class space    used 3646K, committed 3776K, reserved 1048576K
GC Heap History (20 events):
Event: 37.061 GC heap before
{Heap before GC invocations=7 (full 0):
 garbage-first heap   total 30720K, used 20432K [0x00000000e2600000, 0x0000000100000000)
  region size 1024K, 12 young (12288K), 2 survivors (2048K)
 Metaspace       used 18929K, committed 19136K, reserved 1114112K
  class space    used 2392K, committed 2496K, reserved 1048576K
}
Event: 37.072 GC heap after
{Heap after GC invocations=8 (full 0):
 garbage-first heap   total 30720K, used 12662K [0x00000000e2600000, 0x0000000100000000)
  region size 1024K, 2 young (2048K), 2 survivors (2048K)
 Metaspace       used 18929K, committed 19136K, reserved 1114112K
  class space    used 2392K, committed 2496K, reserved 1048576K
}
Event: 37.530 GC heap before
{Heap before GC invocations=8 (full 0):
 garbage-first heap   total 30720K, used 21878K [0x00000000e2600000, 0x0000000100000000)
  region size 1024K, 11 young (11264K), 2 survivors (2048K)
 Metaspace       used 21163K, committed 21440K, reserved 1114112K
  class space    used 2636K, committed 2752K, reserved 1048576K
}
Event: 37.539 GC heap after
{Heap after GC invocations=9 (full 0):
 garbage-first heap   total 30720K, used 13033K [0x00000000e2600000, 0x0000000100000000)
  region size 1024K, 1 young (1024K), 1 survivors (1024K)
 Metaspace       used 21163K, committed 21440K, reserved 1114112K
  class space    used 2636K, committed 2752K, reserved 1048576K
}
Event: 37.562 GC heap before
{Heap before GC invocations=9 (full 0):
 garbage-first heap   total 30720K, used 13033K [0x00000000e2600000, 0x0000000100000000)
  region size 1024K, 2 young (2048K), 1 survivors (1024K)
 Metaspace       used 21269K, committed 21504K, reserved 1114112K
  class space    used 2651K, committed 2752K, reserved 1048576K
}
Event: 37.566 GC heap after
{Heap after GC invocations=10 (full 0):
 garbage-first heap   total 30720K, used 12946K [0x00000000e2600000, 0x0000000100000000)
  region size 1024K, 1 young (1024K), 1 survivors (1024K)
 Metaspace       used 21269K, committed 21504K, reserved 1114112K
  class space    used 2651K, committed 2752K, reserved 1048576K
}
Event: 40.618 GC heap before
{Heap before GC invocations=11 (full 0):
 garbage-first heap   total 30720K, used 21138K [0x00000000e2600000, 0x0000000100000000)
  region size 1024K, 10 young (10240K), 1 survivors (1024K)
 Metaspace       used 22877K, committed 23104K, reserved 1114112K
  class space    used 2892K, committed 3008K, reserved 1048576K
}
Event: 40.626 GC heap after
{Heap after GC invocations=12 (full 0):
 garbage-first heap   total 30720K, used 14057K [0x00000000e2600000, 0x0000000100000000)
  region size 1024K, 2 young (2048K), 2 survivors (2048K)
 Metaspace       used 22877K, committed 23104K, reserved 1114112K
  class space    used 2892K, committed 3008K, reserved 1048576K
}
Event: 40.715 GC heap before
{Heap before GC invocations=12 (full 0):
 garbage-first heap   total 30720K, used 15081K [0x00000000e2600000, 0x0000000100000000)
  region size 1024K, 3 young (3072K), 2 survivors (2048K)
 Metaspace       used 22947K, committed 23296K, reserved 1114112K
  class space    used 2901K, committed 3072K, reserved 1048576K
}
Event: 40.727 GC heap after
{Heap after GC invocations=13 (full 0):
 garbage-first heap   total 30720K, used 14281K [0x00000000e2600000, 0x0000000100000000)
  region size 1024K, 1 young (1024K), 1 survivors (1024K)
 Metaspace       used 22947K, committed 23296K, reserved 1114112K
  class space    used 2901K, committed 3072K, reserved 1048576K
}
Event: 41.509 GC heap before
{Heap before GC invocations=13 (full 0):
 garbage-first heap   total 30720K, used 21449K [0x00000000e2600000, 0x0000000100000000)
  region size 1024K, 9 young (9216K), 1 survivors (1024K)
 Metaspace       used 23657K, committed 23936K, reserved 1114112K
  class space    used 2983K, committed 3136K, reserved 1048576K
}
Event: 41.514 GC heap after
{Heap after GC invocations=14 (full 0):
 garbage-first heap   total 30720K, used 14896K [0x00000000e2600000, 0x0000000100000000)
  region size 1024K, 2 young (2048K), 2 survivors (2048K)
 Metaspace       used 23657K, committed 23936K, reserved 1114112K
  class space    used 2983K, committed 3136K, reserved 1048576K
}
Event: 42.271 GC heap before
{Heap before GC invocations=15 (full 0):
 garbage-first heap   total 30720K, used 22064K [0x00000000e2600000, 0x0000000100000000)
  region size 1024K, 10 young (10240K), 2 survivors (2048K)
 Metaspace       used 24102K, committed 24384K, reserved 1114112K
  class space    used 3043K, committed 3200K, reserved 1048576K
}
Event: 42.281 GC heap after
{Heap after GC invocations=16 (full 0):
 garbage-first heap   total 30720K, used 15473K [0x00000000e2600000, 0x0000000100000000)
  region size 1024K, 2 young (2048K), 2 survivors (2048K)
 Metaspace       used 24102K, committed 24384K, reserved 1114112K
  class space    used 3043K, committed 3200K, reserved 1048576K
}
Event: 43.240 GC heap before
{Heap before GC invocations=16 (full 0):
 garbage-first heap   total 30720K, used 22641K [0x00000000e2600000, 0x0000000100000000)
  region size 1024K, 10 young (10240K), 2 survivors (2048K)
 Metaspace       used 25399K, committed 25728K, reserved 1114112K
  class space    used 3224K, committed 3392K, reserved 1048576K
}
Event: 43.248 GC heap after
{Heap after GC invocations=17 (full 0):
 garbage-first heap   total 30720K, used 16182K [0x00000000e2600000, 0x0000000100000000)
  region size 1024K, 2 young (2048K), 2 survivors (2048K)
 Metaspace       used 25399K, committed 25728K, reserved 1114112K
  class space    used 3224K, committed 3392K, reserved 1048576K
}
Event: 44.182 GC heap before
{Heap before GC invocations=18 (full 0):
 garbage-first heap   total 30720K, used 23350K [0x00000000e2600000, 0x0000000100000000)
  region size 1024K, 9 young (9216K), 2 survivors (2048K)
 Metaspace       used 26475K, committed 26816K, reserved 1114112K
  class space    used 3375K, committed 3520K, reserved 1048576K
}
Event: 44.190 GC heap after
{Heap after GC invocations=19 (full 0):
 garbage-first heap   total 30720K, used 16694K [0x00000000e2600000, 0x0000000100000000)
  region size 1024K, 2 young (2048K), 2 survivors (2048K)
 Metaspace       used 26475K, committed 26816K, reserved 1114112K
  class space    used 3375K, committed 3520K, reserved 1048576K
}
Event: 47.553 GC heap before
{Heap before GC invocations=19 (full 0):
 garbage-first heap   total 30720K, used 23862K [0x00000000e2600000, 0x0000000100000000)
  region size 1024K, 9 young (9216K), 2 survivors (2048K)
 Metaspace       used 27379K, committed 27712K, reserved 1114112K
  class space    used 3503K, committed 3648K, reserved 1048576K
}
Event: 47.559 GC heap after
{Heap after GC invocations=20 (full 0):
 garbage-first heap   total 30720K, used 17206K [0x00000000e2600000, 0x0000000100000000)
  region size 1024K, 2 young (2048K), 2 survivors (2048K)
 Metaspace       used 27379K, committed 27712K, reserved 1114112K
  class space    used 3503K, committed 3648K, reserved 1048576K
}

